{"numTotalTestSuites":14,"numPassedTestSuites":14,"numFailedTestSuites":0,"numPendingTestSuites":0,"numTotalTests":89,"numPassedTests":89,"numFailedTests":0,"numPendingTests":0,"numTodoTests":0,"snapshot":{"added":0,"failure":false,"filesAdded":0,"filesRemoved":0,"filesRemovedList":[],"filesUnmatched":0,"filesUpdated":0,"matched":0,"total":0,"unchecked":0,"uncheckedKeysByFile":[],"unmatched":0,"updated":0,"didUpdate":false},"startTime":1776941365295,"success":true,"testResults":[{"assertionResults":[{"ancestorTitles":["authz contract"],"fullName":"authz contract rejects /me routes without auth","status":"passed","title":"rejects /me routes without auth","duration":24.678576999999677,"failureMessages":[],"meta":{}},{"ancestorTitles":["authz contract"],"fullName":"authz contract rejects /admin routes without admin rights","status":"passed","title":"rejects /admin routes without admin rights","duration":7.9580419999992955,"failureMessages":[],"meta":{}},{"ancestorTitles":["authz contract"],"fullName":"authz contract rejects /admin routes without allowlisted admin access","status":"passed","title":"rejects /admin routes without allowlisted admin access","duration":3.033183999999892,"failureMessages":[],"meta":{}},{"ancestorTitles":["authz contract"],"fullName":"authz contract allows /admin/status with required privileges","status":"passed","title":"allows /admin/status with required privileges","duration":9.281175000000076,"failureMessages":[],"meta":{}},{"ancestorTitles":["authz contract"],"fullName":"authz contract guards and serves /admin/dashboard/stats","status":"passed","title":"guards and serves /admin/dashboard/stats","duration":9.275104999999712,"failureMessages":[],"meta":{}}],"startTime":1776941369503,"endTime":1776941369559.2751,"status":"passed","message":"","name":"/home/wim/Code/Repositories/Personal/nextjs-saas-boilerplate-drizzle-singletenant-hono-final/apps/api/tests/app.authz.functional.test.ts"},{"assertionResults":[{"ancestorTitles":["API functional routes"],"fullName":"API functional routes returns health status","status":"passed","title":"returns health status","duration":30.80662399999983,"failureMessages":[],"meta":{}},{"ancestorTitles":["API functional routes"],"fullName":"API functional routes rejects email sign-in with missing credentials","status":"passed","title":"rejects email sign-in with missing credentials","duration":4.778320999999778,"failureMessages":[],"meta":{}},{"ancestorTitles":["API functional routes"],"fullName":"API functional routes accepts email sign-in with valid credentials","status":"passed","title":"accepts email sign-in with valid credentials","duration":3.135483000000022,"failureMessages":[],"meta":{}},{"ancestorTitles":["API functional routes"],"fullName":"API functional routes rejects mobile token request with invalid payload","status":"passed","title":"rejects mobile token request with invalid payload","duration":2.7844880000002377,"failureMessages":[],"meta":{}},{"ancestorTitles":["API functional routes"],"fullName":"API functional routes issues mobile tokens with valid credentials","status":"passed","title":"issues mobile tokens with valid credentials","duration":3.3254249999999956,"failureMessages":[],"meta":{}},{"ancestorTitles":["API functional routes"],"fullName":"API functional routes rejects mobile refresh with invalid request body","status":"passed","title":"rejects mobile refresh with invalid request body","duration":2.8886210000000574,"failureMessages":[],"meta":{}},{"ancestorTitles":["API functional routes"],"fullName":"API functional routes refreshes mobile token with valid request body","status":"passed","title":"refreshes mobile token with valid request body","duration":3.5088630000000194,"failureMessages":[],"meta":{}},{"ancestorTitles":["API functional routes"],"fullName":"API functional routes rejects mobile revoke with invalid request body","status":"passed","title":"rejects mobile revoke with invalid request body","duration":4.286121999999523,"failureMessages":[],"meta":{}},{"ancestorTitles":["API functional routes"],"fullName":"API functional routes revokes mobile token with valid request body","status":"passed","title":"revokes mobile token with valid request body","duration":6.286888999999974,"failureMessages":[],"meta":{}},{"ancestorTitles":["API functional routes"],"fullName":"API functional routes rejects dodo webhook with invalid signature","status":"passed","title":"rejects dodo webhook with invalid signature","duration":5.303256000000147,"failureMessages":[],"meta":{}},{"ancestorTitles":["API functional routes"],"fullName":"API functional routes accepts dodo webhook with valid signature","status":"passed","title":"accepts dodo webhook with valid signature","duration":2.6939210000000458,"failureMessages":[],"meta":{}},{"ancestorTitles":["API functional routes"],"fullName":"API functional routes validates packageKey for checkout","status":"passed","title":"validates packageKey for checkout","duration":8.836828000000423,"failureMessages":[],"meta":{}},{"ancestorTitles":["API functional routes"],"fullName":"API functional routes serves OpenAPI specs on both endpoints","status":"passed","title":"serves OpenAPI specs on both endpoints","duration":4.560897999999725,"failureMessages":[],"meta":{}},{"ancestorTitles":["API functional routes"],"fullName":"API functional routes returns admin dashboard stats","status":"passed","title":"returns admin dashboard stats","duration":2.3750070000005508,"failureMessages":[],"meta":{}},{"ancestorTitles":["API functional routes"],"fullName":"API functional routes returns admin dashboard stats for privileged admin console","status":"passed","title":"returns admin dashboard stats for privileged admin console","duration":1.8644299999996292,"failureMessages":[],"meta":{}},{"ancestorTitles":["API functional routes"],"fullName":"API functional routes returns checkout URL for known package","status":"passed","title":"returns checkout URL for known package","duration":2.8998039999996763,"failureMessages":[],"meta":{}},{"ancestorTitles":["API functional routes"],"fullName":"API functional routes returns 404 for unknown admin user","status":"passed","title":"returns 404 for unknown admin user","duration":6.434958000000734,"failureMessages":[],"meta":{}},{"ancestorTitles":["API functional routes"],"fullName":"API functional routes returns user detail for known admin user","status":"passed","title":"returns user detail for known admin user","duration":3.2418219999999565,"failureMessages":[],"meta":{}},{"ancestorTitles":["API functional routes"],"fullName":"API functional routes returns billing stats from admin service","status":"passed","title":"returns billing stats from admin service","duration":2.3619929999995293,"failureMessages":[],"meta":{}},{"ancestorTitles":["API functional routes"],"fullName":"API functional routes passes timeRange to revenue endpoint","status":"passed","title":"passes timeRange to revenue endpoint","duration":4.171465999999782,"failureMessages":[],"meta":{}},{"ancestorTitles":["API functional routes"],"fullName":"API functional routes passes pagination and search to billing transactions endpoint","status":"passed","title":"passes pagination and search to billing transactions endpoint","duration":5.340591000000131,"failureMessages":[],"meta":{}},{"ancestorTitles":["API functional routes"],"fullName":"API functional routes validates billing transaction query parameters","status":"passed","title":"validates billing transaction query parameters","duration":3.0661270000000513,"failureMessages":[],"meta":{}},{"ancestorTitles":["API functional routes"],"fullName":"API functional routes passes pagination and search to billing purchases endpoint","status":"passed","title":"passes pagination and search to billing purchases endpoint","duration":3.50267200000053,"failureMessages":[],"meta":{}},{"ancestorTitles":["API functional routes"],"fullName":"API functional routes returns transactions chart data","status":"passed","title":"returns transactions chart data","duration":2.6124409999993077,"failureMessages":[],"meta":{}},{"ancestorTitles":["API functional routes"],"fullName":"API functional routes returns credits consumed chart data","status":"passed","title":"returns credits consumed chart data","duration":2.971483000000262,"failureMessages":[],"meta":{}},{"ancestorTitles":["API functional routes"],"fullName":"API functional routes returns admin users list and stats","status":"passed","title":"returns admin users list and stats","duration":8.37307299999975,"failureMessages":[],"meta":{}},{"ancestorTitles":["API functional routes"],"fullName":"API functional routes returns admin user credit endpoints","status":"passed","title":"returns admin user credit endpoints","duration":14.309586999999738,"failureMessages":[],"meta":{}},{"ancestorTitles":["API functional routes"],"fullName":"API functional routes validates malformed admin user ids","status":"passed","title":"validates malformed admin user ids","duration":5.993043999999827,"failureMessages":[],"meta":{}},{"ancestorTitles":["API functional routes"],"fullName":"API functional routes handles verify-ban-secret success and failure status codes","status":"passed","title":"handles verify-ban-secret success and failure status codes","duration":6.705926000000545,"failureMessages":[],"meta":{}},{"ancestorTitles":["API functional routes"],"fullName":"API functional routes validates verify-ban-secret payload","status":"passed","title":"validates verify-ban-secret payload","duration":4.5187049999995,"failureMessages":[],"meta":{}},{"ancestorTitles":["API functional routes"],"fullName":"API functional routes validates discount code request body","status":"passed","title":"validates discount code request body","duration":3.82287499999984,"failureMessages":[],"meta":{}},{"ancestorTitles":["API functional routes"],"fullName":"API functional routes routes discount CRUD and assignment operations","status":"passed","title":"routes discount CRUD and assignment operations","duration":11.848089999999502,"failureMessages":[],"meta":{}},{"ancestorTitles":["API functional routes"],"fullName":"API functional routes routes notifications endpoints","status":"passed","title":"routes notifications endpoints","duration":7.908234999999877,"failureMessages":[],"meta":{}},{"ancestorTitles":["API functional routes"],"fullName":"API functional routes returns 400 when send-users payload is malformed","status":"passed","title":"returns 400 when send-users payload is malformed","duration":2.6371500000004744,"failureMessages":[],"meta":{}},{"ancestorTitles":["API functional routes"],"fullName":"API functional routes validates invoice payload","status":"passed","title":"validates invoice payload","duration":2.97195499999998,"failureMessages":[],"meta":{}},{"ancestorTitles":["API functional routes"],"fullName":"API functional routes maps invoice errors to 400 response","status":"passed","title":"maps invoice errors to 400 response","duration":3.4910879999997633,"failureMessages":[],"meta":{}},{"ancestorTitles":["API functional routes"],"fullName":"API functional routes returns invoice payload on success","status":"passed","title":"returns invoice payload on success","duration":2.8788619999995717,"failureMessages":[],"meta":{}},{"ancestorTitles":["API functional routes"],"fullName":"API functional routes rejects checkout for unknown package key","status":"passed","title":"rejects checkout for unknown package key","duration":2.4004269999995813,"failureMessages":[],"meta":{}},{"ancestorTitles":["API functional routes"],"fullName":"API functional routes rejects malformed client log payload","status":"passed","title":"rejects malformed client log payload","duration":3.8730849999992643,"failureMessages":[],"meta":{}},{"ancestorTitles":["API functional routes"],"fullName":"API functional routes accepts valid client log payload","status":"passed","title":"accepts valid client log payload","duration":2.4817059999995763,"failureMessages":[],"meta":{}},{"ancestorTitles":["API functional routes"],"fullName":"API functional routes maps generate-code failures to 400","status":"passed","title":"maps generate-code failures to 400","duration":3.6021759999994174,"failureMessages":[],"meta":{}},{"ancestorTitles":["API functional routes"],"fullName":"API functional routes returns generated discount code","status":"passed","title":"returns generated discount code","duration":2.0084020000003875,"failureMessages":[],"meta":{}},{"ancestorTitles":["API functional routes"],"fullName":"API functional routes validates discount identifiers","status":"passed","title":"validates discount identifiers","duration":2.2676689999998416,"failureMessages":[],"meta":{}},{"ancestorTitles":["API functional routes"],"fullName":"API functional routes returns 404 for missing discount by id","status":"passed","title":"returns 404 for missing discount by id","duration":7.389961000000767,"failureMessages":[],"meta":{}},{"ancestorTitles":["API functional routes"],"fullName":"API functional routes validates assignment payload","status":"passed","title":"validates assignment payload","duration":3.464234999999462,"failureMessages":[],"meta":{}},{"ancestorTitles":["API functional routes"],"fullName":"API functional routes validates removal payload","status":"passed","title":"validates removal payload","duration":3.337498000000778,"failureMessages":[],"meta":{}},{"ancestorTitles":["API functional routes"],"fullName":"API functional routes forwards discount validation payload to service","status":"passed","title":"forwards discount validation payload to service","duration":2.145340000000033,"failureMessages":[],"meta":{}}],"startTime":1776941369498,"endTime":1776941369735.1453,"status":"passed","message":"","name":"/home/wim/Code/Repositories/Personal/nextjs-saas-boilerplate-drizzle-singletenant-hono-final/apps/api/tests/app.functional.test.ts"},{"assertionResults":[{"ancestorTitles":["createAdminService"],"fullName":"createAdminService rejects empty secret input","status":"passed","title":"rejects empty secret input","duration":4.279497999999876,"failureMessages":[],"meta":{}},{"ancestorTitles":["createAdminService"],"fullName":"createAdminService rejects invalid secret input","status":"passed","title":"rejects invalid secret input","duration":1.359114000000318,"failureMessages":[],"meta":{}},{"ancestorTitles":["createAdminService"],"fullName":"createAdminService accepts valid secret input","status":"passed","title":"accepts valid secret input","duration":0.8474750000000313,"failureMessages":[],"meta":{}},{"ancestorTitles":["createAdminService"],"fullName":"createAdminService returns configuration error when admin secret is missing","status":"passed","title":"returns configuration error when admin secret is missing","duration":0.5450849999997445,"failureMessages":[],"meta":{}},{"ancestorTitles":["createAdminService"],"fullName":"createAdminService returns null for unknown user in getUserById","status":"passed","title":"returns null for unknown user in getUserById","duration":2.8126940000001923,"failureMessages":[],"meta":{}},{"ancestorTitles":["createAdminService"],"fullName":"createAdminService maps billing stats and converts cents to EUR","status":"passed","title":"maps billing stats and converts cents to EUR","duration":2.0717460000000756,"failureMessages":[],"meta":{}},{"ancestorTitles":["createAdminService"],"fullName":"createAdminService builds pagination response for transactions","status":"passed","title":"builds pagination response for transactions","duration":2.365479999999934,"failureMessages":[],"meta":{}},{"ancestorTitles":["createAdminService"],"fullName":"createAdminService normalizes transaction pagination inputs","status":"passed","title":"normalizes transaction pagination inputs","duration":2.6532319999996616,"failureMessages":[],"meta":{}},{"ancestorTitles":["createAdminService"],"fullName":"createAdminService caps admin user listing","status":"passed","title":"caps admin user listing","duration":1.8801229999999123,"failureMessages":[],"meta":{}}],"startTime":1776941368084,"endTime":1776941368102.8801,"status":"passed","message":"","name":"/home/wim/Code/Repositories/Personal/nextjs-saas-boilerplate-drizzle-singletenant-hono-final/apps/api/tests/modules/admin/service.test.ts"},{"assertionResults":[{"ancestorTitles":["createBillingService"],"fullName":"createBillingService initializes user credits when missing","status":"passed","title":"initializes user credits when missing","duration":13.798788000000059,"failureMessages":[],"meta":{}},{"ancestorTitles":["createBillingService"],"fullName":"createBillingService returns the existing credits row when insert conflicts","status":"passed","title":"returns the existing credits row when insert conflicts","duration":4.051242000000002,"failureMessages":[],"meta":{}},{"ancestorTitles":["createBillingService"],"fullName":"createBillingService processes completed purchase and writes ledger + notification","status":"passed","title":"processes completed purchase and writes ledger + notification","duration":6.449395999999979,"failureMessages":[],"meta":{}},{"ancestorTitles":["createBillingService"],"fullName":"createBillingService does not mutate credits for pending purchases","status":"passed","title":"does not mutate credits for pending purchases","duration":5.756522000000132,"failureMessages":[],"meta":{}},{"ancestorTitles":["createBillingService"],"fullName":"createBillingService is idempotent for same paymentId and does not double-credit","status":"passed","title":"is idempotent for same paymentId and does not double-credit","duration":1.99302200000011,"failureMessages":[],"meta":{}},{"ancestorTitles":["createBillingService"],"fullName":"createBillingService throws for unknown package key","status":"passed","title":"throws for unknown package key","duration":4.06530900000007,"failureMessages":[],"meta":{}},{"ancestorTitles":["createBillingService"],"fullName":"createBillingService returns first matched user by email","status":"passed","title":"returns first matched user by email","duration":1.4188600000002225,"failureMessages":[],"meta":{}},{"ancestorTitles":["createBillingService"],"fullName":"createBillingService downloads invoice successfully","status":"passed","title":"downloads invoice successfully","duration":4.464490000000296,"failureMessages":[],"meta":{}},{"ancestorTitles":["createBillingService"],"fullName":"createBillingService sanitizes invoice provider failures","status":"passed","title":"sanitizes invoice provider failures","duration":2.364389000000301,"failureMessages":[],"meta":{}},{"ancestorTitles":["createBillingService"],"fullName":"createBillingService rejects invoice download for wrong owner","status":"passed","title":"rejects invoice download for wrong owner","duration":2.029284000000189,"failureMessages":[],"meta":{}},{"ancestorTitles":["createBillingService"],"fullName":"createBillingService returns credit history and purchases with limit","status":"passed","title":"returns credit history and purchases with limit","duration":2.5101620000000366,"failureMessages":[],"meta":{}},{"ancestorTitles":["createBillingService"],"fullName":"createBillingService clamps oversized history and purchase limits","status":"passed","title":"clamps oversized history and purchase limits","duration":2.1656989999996767,"failureMessages":[],"meta":{}}],"startTime":1776941368416,"endTime":1776941368468.1658,"status":"passed","message":"","name":"/home/wim/Code/Repositories/Personal/nextjs-saas-boilerplate-drizzle-singletenant-hono-final/apps/api/tests/modules/billing/service.test.ts"},{"assertionResults":[{"ancestorTitles":["billing transactional behavior"],"fullName":"billing transactional behavior propagates transaction failures and prevents side effects","status":"passed","title":"propagates transaction failures and prevents side effects","duration":12.33385700000008,"failureMessages":[],"meta":{}}],"startTime":1776941368448,"endTime":1776941368460.3337,"status":"passed","message":"","name":"/home/wim/Code/Repositories/Personal/nextjs-saas-boilerplate-drizzle-singletenant-hono-final/apps/api/tests/modules/billing/transactional.behavior.test.ts"},{"assertionResults":[{"ancestorTitles":["createDiscountsService"],"fullName":"createDiscountsService rejects create discount when endDate is before startDate","status":"passed","title":"rejects create discount when endDate is before startDate","duration":8.976822999999968,"failureMessages":[],"meta":{}},{"ancestorTitles":["createDiscountsService"],"fullName":"createDiscountsService rejects fixed discounts","status":"passed","title":"rejects fixed discounts","duration":2.1309309999996913,"failureMessages":[],"meta":{}},{"ancestorTitles":["createDiscountsService"],"fullName":"createDiscountsService creates discount and infers active status","status":"passed","title":"creates discount and infers active status","duration":8.730199000000084,"failureMessages":[],"meta":{}},{"ancestorTitles":["createDiscountsService"],"fullName":"createDiscountsService fails closed when dodo validation errors","status":"passed","title":"fails closed when dodo validation errors","duration":4.690239999999903,"failureMessages":[],"meta":{}},{"ancestorTitles":["createDiscountsService"],"fullName":"createDiscountsService enforces maxUses guard during assignment","status":"passed","title":"enforces maxUses guard during assignment","duration":3.847835000000032,"failureMessages":[],"meta":{}},{"ancestorTitles":["createDiscountsService"],"fullName":"createDiscountsService deletes remote dodo discount before local deletion","status":"passed","title":"deletes remote dodo discount before local deletion","duration":7.530517000000145,"failureMessages":[],"meta":{}},{"ancestorTitles":["createDiscountsService"],"fullName":"createDiscountsService searchUsersForDiscount requires at least 2 chars","status":"passed","title":"searchUsersForDiscount requires at least 2 chars","duration":3.050637999999708,"failureMessages":[],"meta":{}},{"ancestorTitles":["createDiscountsService"],"fullName":"createDiscountsService deduplicates user ids during assignment","status":"passed","title":"deduplicates user ids during assignment","duration":9.216609000000062,"failureMessages":[],"meta":{}},{"ancestorTitles":["createDiscountsService"],"fullName":"createDiscountsService generates unique codes and retries on collision","status":"passed","title":"generates unique codes and retries on collision","duration":2.565179000000171,"failureMessages":[],"meta":{}}],"startTime":1776941368070,"endTime":1776941368121.5652,"status":"passed","message":"","name":"/home/wim/Code/Repositories/Personal/nextjs-saas-boilerplate-drizzle-singletenant-hono-final/apps/api/tests/modules/discounts/service.test.ts"},{"assertionResults":[{"ancestorTitles":["createNotificationsService"],"fullName":"createNotificationsService creates a notification with defaults","status":"passed","title":"creates a notification with defaults","duration":17.61774699999978,"failureMessages":[],"meta":{}},{"ancestorTitles":["createNotificationsService"],"fullName":"createNotificationsService sendNotificationToAllUsers fan-outs to all users","status":"passed","title":"sendNotificationToAllUsers fan-outs to all users","duration":3.4383550000002288,"failureMessages":[],"meta":{}},{"ancestorTitles":["createNotificationsService"],"fullName":"createNotificationsService sendNotificationToUsers handles empty input","status":"passed","title":"sendNotificationToUsers handles empty input","duration":2.344489000000067,"failureMessages":[],"meta":{}},{"ancestorTitles":["createNotificationsService"],"fullName":"createNotificationsService sendNotificationToUsers deduplicates duplicate recipients","status":"passed","title":"sendNotificationToUsers deduplicates duplicate recipients","duration":5.997714000000087,"failureMessages":[],"meta":{}},{"ancestorTitles":["createNotificationsService"],"fullName":"createNotificationsService unreadCount defaults to 0 when no row returned","status":"passed","title":"unreadCount defaults to 0 when no row returned","duration":3.9669380000000274,"failureMessages":[],"meta":{}},{"ancestorTitles":["createNotificationsService"],"fullName":"createNotificationsService getAllNotifications limits and redacts admin response shape","status":"passed","title":"getAllNotifications limits and redacts admin response shape","duration":4.582169000000249,"failureMessages":[],"meta":{}}],"startTime":1776941368072,"endTime":1776941368111.5823,"status":"passed","message":"","name":"/home/wim/Code/Repositories/Personal/nextjs-saas-boilerplate-drizzle-singletenant-hono-final/apps/api/tests/modules/notifications/service.test.ts"}]}