{"numTotalTestSuites":4,"numPassedTestSuites":4,"numFailedTestSuites":0,"numPendingTestSuites":0,"numTotalTests":6,"numPassedTests":6,"numFailedTests":0,"numPendingTests":0,"numTodoTests":0,"snapshot":{"added":0,"failure":false,"filesAdded":0,"filesRemoved":0,"filesRemovedList":[],"filesUnmatched":0,"filesUpdated":0,"matched":0,"total":0,"unchecked":0,"uncheckedKeysByFile":[],"unmatched":0,"updated":0,"didUpdate":false},"startTime":1776941370741,"success":true,"testResults":[{"assertionResults":[{"ancestorTitles":["web navigation config"],"fullName":"web navigation config keeps unique frontend navigation urls","status":"passed","title":"keeps unique frontend navigation urls","duration":2.5124470000000656,"failureMessages":[],"meta":{}},{"ancestorTitles":["web navigation config"],"fullName":"web navigation config contains expected auth entries","status":"passed","title":"contains expected auth entries","duration":0.6270059999999376,"failureMessages":[],"meta":{}},{"ancestorTitles":["web navigation config"],"fullName":"web navigation config contains only dashboard in sidebar nav","status":"passed","title":"contains only dashboard in sidebar nav","duration":2.632760999999846,"failureMessages":[],"meta":{}}],"startTime":1776941372156,"endTime":1776941372161.6328,"status":"passed","message":"","name":"/home/wim/Code/Repositories/Personal/nextjs-saas-boilerplate-drizzle-singletenant-hono-final/apps/web/tests/config/navigation.test.ts"},{"assertionResults":[{"ancestorTitles":["web lib/utils"],"fullName":"web lib/utils strips locale prefixes only at the start","status":"passed","title":"strips locale prefixes only at the start","duration":6.935455000000047,"failureMessages":[],"meta":{}},{"ancestorTitles":["web lib/utils"],"fullName":"web lib/utils returns path segments without empty items","status":"passed","title":"returns path segments without empty items","duration":2.259123000000045,"failureMessages":[],"meta":{}},{"ancestorTitles":["web lib/utils"],"fullName":"web lib/utils formats date and time values consistently","status":"passed","title":"formats date and time values consistently","duration":2.253703000000087,"failureMessages":[],"meta":{}}],"startTime":1776941371946,"endTime":1776941371957.2537,"status":"passed","message":"","name":"/home/wim/Code/Repositories/Personal/nextjs-saas-boilerplate-drizzle-singletenant-hono-final/apps/web/tests/lib/utils.test.ts"}]}