{"numTotalTestSuites":6,"numPassedTestSuites":6,"numFailedTestSuites":0,"numPendingTestSuites":0,"numTotalTests":5,"numPassedTests":5,"numFailedTests":0,"numPendingTests":0,"numTodoTests":0,"snapshot":{"added":0,"failure":false,"filesAdded":0,"filesRemoved":0,"filesRemovedList":[],"filesUnmatched":0,"filesUpdated":0,"matched":0,"total":0,"unchecked":0,"uncheckedKeysByFile":[],"unmatched":0,"updated":0,"didUpdate":false},"startTime":1776941372957,"success":true,"testResults":[{"assertionResults":[{"ancestorTitles":["admin backend nav config"],"fullName":"admin backend nav config keeps expected order and unique urls","status":"passed","title":"keeps expected order and unique urls","duration":3.508821999999782,"failureMessages":[],"meta":{}}],"startTime":1776941374152,"endTime":1776941374155.5088,"status":"passed","message":"","name":"/home/wim/Code/Repositories/Personal/nextjs-saas-boilerplate-drizzle-singletenant-hono-final/apps/admin/tests/config/backend-navbar-admin.test.ts"},{"assertionResults":[{"ancestorTitles":["admin main app url"],"fullName":"admin main app url prefers NEXT_PUBLIC_MAIN_APP_URL","status":"passed","title":"prefers NEXT_PUBLIC_MAIN_APP_URL","duration":17.132188000000042,"failureMessages":[],"meta":{}},{"ancestorTitles":["admin main app url"],"fullName":"admin main app url falls back to NEXT_PUBLIC_API_URL and NEXT_PUBLIC_APP_URL","status":"passed","title":"falls back to NEXT_PUBLIC_API_URL and NEXT_PUBLIC_APP_URL","duration":0.8444990000000416,"failureMessages":[],"meta":{}}],"startTime":1776941373930,"endTime":1776941373947.8445,"status":"passed","message":"","name":"/home/wim/Code/Repositories/Personal/nextjs-saas-boilerplate-drizzle-singletenant-hono-final/apps/admin/tests/lib/main-app-url.test.ts"},{"assertionResults":[{"ancestorTitles":["admin lib/utils"],"fullName":"admin lib/utils strips locale from start of path","status":"passed","title":"strips locale from start of path","duration":3.1759929999999486,"failureMessages":[],"meta":{}},{"ancestorTitles":["admin lib/utils"],"fullName":"admin lib/utils removes admin segment from breadcrumbs","status":"passed","title":"removes admin segment from breadcrumbs","duration":2.1545879999999897,"failureMessages":[],"meta":{}}],"startTime":1776941373981,"endTime":1776941373986.1545,"status":"passed","message":"","name":"/home/wim/Code/Repositories/Personal/nextjs-saas-boilerplate-drizzle-singletenant-hono-final/apps/admin/tests/lib/utils.test.ts"}]}